<?xml version="1.0" encoding="UTF-8"?>
<!-- Generated by org.testng.reporters.JUnitXMLReporter -->
<testsuite ignored="0" hostname="HYDMBCP0911" failures="1" tests="3" name="Error Validation Test" time="37.828" errors="0" timestamp="2024-10-07T20:34:41 IST">
  <testcase classname="Selenium.Tests.ErrorValidations" name="loginErrorValidation" time="0.924">
    <skipped/>
  </testcase> <!-- loginErrorValidation -->
  <testcase classname="Selenium.Tests.ErrorValidations" name="loginErrorValidation" time="1.57">
    <failure type="java.lang.AssertionError" message="expected [Incorrect email or password.] but found [Incorrect email  password.]">
      <![CDATA[java.lang.AssertionError: expected [Incorrect email or password.] but found [Incorrect email  password.]
at Selenium.Tests.ErrorValidations.loginErrorValidation(ErrorValidations.java:35)
at java.base/java.util.ArrayList.forEach(ArrayList.java:1511)
at java.base/java.util.concurrent.FutureTask.run(FutureTask.java:264)
at java.base/java.util.concurrent.ThreadPoolExecutor.runWorker(ThreadPoolExecutor.java:1136)
at java.base/java.util.concurrent.ThreadPoolExecutor$Worker.run(ThreadPoolExecutor.java:635)
at java.base/java.lang.Thread.run(Thread.java:840)
... Removed 23 stack frames]]>
    </failure>
  </testcase> <!-- loginErrorValidation -->
  <testcase classname="Selenium.Tests.ErrorValidations" name="productErrorValidation" time="15.971"/>
</testsuite> <!-- Error Validation Test -->
